2021-07-10 07:09:41 - info: Get Item Detail is Special Discount
2021-07-10 07:09:41 - info: connect Driver Detail all view
2021-07-10 07:09:41 - info: Get District Detail
2021-07-10 07:09:41 - info: Get District Detail
2021-07-10 07:09:41 - info: Get Category Detail
2021-07-10 07:09:41 - info: Get Item Detail is Special Discount
2021-07-10 07:09:41 - info: connect District Detail all view
2021-07-10 07:09:41 - info: got Item detail all view results set now !
2021-07-10 07:09:41 - info: connect City Detail all view
2021-07-10 07:09:41 - info: connect City Detail all view
2021-07-10 07:09:41 - info: connect Driver Detail all view
2021-07-10 07:09:41 - info: got City detail all view results set now !
2021-07-10 07:09:41 - info: got District detail all view results set now !
2021-07-10 07:09:41 - info: got Category detail all view results set now !
2021-07-10 07:09:41 - info: got Item detail all view results set now !
2021-07-10 07:10:11 - info: Get Item Detail is Special Discount
2021-07-10 07:10:11 - info: connect Driver Detail all view
2021-07-10 07:10:11 - info: got Item detail all view results set now !
2021-07-10 07:10:11 - info: Get District Detail
2021-07-10 07:10:11 - info: connect District Detail all view
2021-07-10 07:10:11 - info: got District detail all view results set now !
2021-07-10 07:10:11 - info: Get District Detail
2021-07-10 07:10:11 - info: connect City Detail all view
2021-07-10 07:10:11 - info: got City detail all view results set now !
2021-07-10 07:10:11 - info: Get Category Detail
2021-07-10 07:10:11 - info: connect City Detail all view
2021-07-10 07:10:11 - info: got Category detail all view results set now !
2021-07-10 07:10:11 - info: Get Item Detail is Special Discount
2021-07-10 07:10:11 - info: connect Driver Detail all view
2021-07-10 07:10:11 - info: got Item detail all view results set now !
