2021-07-06 11:34:22 - info: ServMe Service started on port 5102
2021-07-06 11:41:03 - info: Get Item Detail is Special Discount
2021-07-06 11:41:04 - info: connect Driver Detail all view
2021-07-06 11:41:04 - info: got Item detail all view results set now !
2021-07-06 11:41:30 - info: Get District Detail
2021-07-06 11:41:30 - info: connect District Detail all view
2021-07-06 11:41:30 - info: Get District Detail
2021-07-06 11:41:30 - info: Get Item Detail is Special Discount
2021-07-06 11:41:30 - info: Get Category Detail
2021-07-06 11:41:30 - info: got District detail all view results set now !
2021-07-06 11:41:30 - info: connect City Detail all view
2021-07-06 11:41:30 - info: connect City Detail all view
2021-07-06 11:41:30 - info: got City detail all view results set now !
2021-07-06 11:41:30 - info: got Category detail all view results set now !
2021-07-06 11:41:30 - info: connect Driver Detail all view
2021-07-06 11:41:30 - info: got Item detail all view results set now !
2021-07-06 11:42:12 - info: Get Item Detail is Special Discount
2021-07-06 11:42:12 - info: connect Driver Detail all view
2021-07-06 11:42:12 - info: Get District Detail
2021-07-06 11:42:12 - info: connect District Detail all view
2021-07-06 11:42:12 - info: got District detail all view results set now !
2021-07-06 11:42:12 - info: got Item detail all view results set now !
2021-07-06 11:42:14 - info: Get District Detail
2021-07-06 11:42:14 - info: Get District Detail
2021-07-06 11:42:14 - info: connect District Detail all view
2021-07-06 11:42:14 - info: Get Category Detail
2021-07-06 11:42:14 - info: Get Item Detail is Special Discount
2021-07-06 11:42:14 - info: connect City Detail all view
2021-07-06 11:42:14 - info: got District detail all view results set now !
2021-07-06 11:42:14 - info: connect City Detail all view
2021-07-06 11:42:14 - info: connect Driver Detail all view
2021-07-06 11:42:14 - info: got City detail all view results set now !
2021-07-06 11:42:14 - info: got Category detail all view results set now !
2021-07-06 11:42:14 - info: got Item detail all view results set now !
2021-07-06 11:42:19 - info: Get Item Detail is Special Discount
2021-07-06 11:42:19 - info: Get Recent Item Detail is Special Discount
2021-07-06 11:42:19 - info: connect Driver Detail all view
2021-07-06 11:42:19 - info: connect Driver Detail all view
2021-07-06 11:42:19 - info: got Item detail all view results set now !
2021-07-06 11:42:19 - info: got Item detail all view results set now !
