2021-07-11 11:01:35 - info: Get Item Detail is Special Discount
2021-07-11 11:01:35 - info: connect Driver Detail all view
2021-07-11 11:01:35 - info: got Item detail all view results set now !
2021-07-11 11:22:17 - info: Get Item Detail is Special Discount
2021-07-11 11:22:17 - info: connect Driver Detail all view
2021-07-11 11:22:17 - info: got Item detail all view results set now !
2021-07-11 11:24:06 - info: Get District Detail
2021-07-11 11:24:06 - info: Get District Detail
2021-07-11 11:24:06 - info: Get Item Detail is Special Discount
2021-07-11 11:24:06 - info: Get Category Detail
2021-07-11 11:24:06 - info: connect City Detail all view
2021-07-11 11:24:06 - info: connect Driver Detail all view
2021-07-11 11:24:06 - info: connect City Detail all view
2021-07-11 11:24:06 - info: connect District Detail all view
2021-07-11 11:24:06 - info: got Category detail all view results set now !
2021-07-11 11:24:06 - info: got Item detail all view results set now !
2021-07-11 11:24:06 - info: got City detail all view results set now !
2021-07-11 11:24:06 - info: got District detail all view results set now !
2021-07-11 11:24:22 - info: Get District Detail
2021-07-11 11:24:22 - info: Get District Detail
2021-07-11 11:24:22 - info: Get Item Detail is Special Discount
2021-07-11 11:24:22 - info: connect District Detail all view
2021-07-11 11:24:22 - info: got District detail all view results set now !
2021-07-11 11:24:22 - info: connect City Detail all view
2021-07-11 11:24:22 - info: connect Driver Detail all view
2021-07-11 11:24:22 - info: Get Category Detail
2021-07-11 11:24:22 - info: got City detail all view results set now !
2021-07-11 11:24:22 - info: got Item detail all view results set now !
2021-07-11 11:24:22 - info: connect City Detail all view
2021-07-11 11:24:22 - info: got Category detail all view results set now !
2021-07-11 11:24:27 - info: Get Item Detail is Special Discount
2021-07-11 11:24:27 - info: connect Driver Detail all view
2021-07-11 11:24:27 - info: got Item detail all view results set now !
2021-07-11 11:24:34 - info: Get Item Detail is Special Discount
2021-07-11 11:24:35 - info: connect Driver Detail all view
2021-07-11 11:24:35 - info: got Item detail all view results set now !
2021-07-11 11:26:22 - info: Get Item Detail is Special Discount
2021-07-11 11:26:22 - info: connect Driver Detail all view
2021-07-11 11:26:22 - info: got Item detail all view results set now !
2021-07-11 11:27:25 - info: Get Item Detail is Special Discount
2021-07-11 11:27:25 - info: connect Driver Detail all view
2021-07-11 11:27:25 - info: got Item detail all view results set now !
2021-07-11 11:28:38 - info: Get Item Detail is Special Discount
2021-07-11 11:28:38 - info: connect Driver Detail all view
2021-07-11 11:28:39 - info: got Item detail all view results set now !
2021-07-11 11:49:36 - info: Get Item Detail is Special Discount
2021-07-11 11:49:36 - info: connect Driver Detail all view
2021-07-11 11:49:36 - info: got Item detail all view results set now !
2021-07-11 11:50:41 - info: Get Item Detail is Special Discount
2021-07-11 11:50:41 - info: connect Driver Detail all view
2021-07-11 11:50:41 - info: got Item detail all view results set now !
2021-07-11 11:51:14 - info: Get Item Detail is Special Discount
2021-07-11 11:51:14 - info: connect Driver Detail all view
2021-07-11 11:51:14 - info: got Item detail all view results set now !
2021-07-11 11:51:35 - info: Get Item Detail is Special Discount
2021-07-11 11:51:35 - info: connect Driver Detail all view
2021-07-11 11:51:35 - info: got Item detail all view results set now !
2021-07-11 11:53:50 - info: Get Item Detail is Special Discount
2021-07-11 11:53:50 - info: connect Driver Detail all view
2021-07-11 11:53:50 - info: got Item detail all view results set now !
2021-07-11 11:54:15 - info: Get Item Detail is Special Discount
2021-07-11 11:54:15 - info: connect Driver Detail all view
2021-07-11 11:54:15 - info: got Item detail all view results set now !
2021-07-11 11:55:48 - info: Get District Detail
2021-07-11 11:55:48 - info: Get District Detail
2021-07-11 11:55:48 - info: Get Item Detail is Special Discount
2021-07-11 11:55:48 - info: connect District Detail all view
2021-07-11 11:55:48 - info: Get Category Detail
2021-07-11 11:55:48 - info: connect City Detail all view
2021-07-11 11:55:48 - info: connect Driver Detail all view
2021-07-11 11:55:48 - info: connect City Detail all view
2021-07-11 11:55:48 - info: got City detail all view results set now !
2021-07-11 11:55:48 - info: got District detail all view results set now !
2021-07-11 11:55:48 - info: got Item detail all view results set now !
2021-07-11 11:55:48 - info: got Category detail all view results set now !
2021-07-11 11:56:26 - info: Get District Detail
2021-07-11 11:56:26 - info: Get District Detail
2021-07-11 11:56:26 - info: Get Item Detail is Special Discount
2021-07-11 11:56:26 - info: Get Category Detail
2021-07-11 11:56:26 - info: connect District Detail all view
2021-07-11 11:56:26 - info: got District detail all view results set now !
2021-07-11 11:56:26 - info: connect City Detail all view
2021-07-11 11:56:26 - info: connect Driver Detail all view
2021-07-11 11:56:26 - info: connect City Detail all view
2021-07-11 11:56:26 - info: got City detail all view results set now !
2021-07-11 11:56:26 - info: got Category detail all view results set now !
2021-07-11 11:56:26 - info: got Item detail all view results set now !
2021-07-11 11:57:47 - info: Get District Detail
2021-07-11 11:57:47 - info: connect District Detail all view
2021-07-11 11:57:47 - info: got District detail all view results set now !
2021-07-11 11:57:47 - info: Get District Detail
2021-07-11 11:57:47 - info: connect City Detail all view
2021-07-11 11:57:47 - info: got City detail all view results set now !
2021-07-11 11:57:47 - info: Get Item Detail is Special Discount
2021-07-11 11:57:47 - info: connect Driver Detail all view
2021-07-11 11:57:47 - info: got Item detail all view results set now !
2021-07-11 11:57:47 - info: Get Category Detail
2021-07-11 11:57:47 - info: connect City Detail all view
2021-07-11 11:57:47 - info: got Category detail all view results set now !
2021-07-11 11:58:56 - info: Get Item Detail is Special Discount
2021-07-11 11:58:56 - info: connect Driver Detail all view
2021-07-11 11:58:56 - info: Get Recent Item Detail is Special Discount
2021-07-11 11:58:56 - info: connect Driver Detail all view
2021-07-11 11:58:56 - info: got Item detail all view results set now !
2021-07-11 11:58:56 - info: got Item detail all view results set now !
2021-07-11 11:59:00 - info: Get District Detail
2021-07-11 11:59:00 - info: Get District Detail
2021-07-11 11:59:00 - info: connect District Detail all view
2021-07-11 11:59:00 - info: connect City Detail all view
2021-07-11 11:59:00 - info: Get Item Detail is Special Discount
2021-07-11 11:59:00 - info: Get Category Detail
2021-07-11 11:59:00 - info: got District detail all view results set now !
2021-07-11 11:59:00 - info: got City detail all view results set now !
2021-07-11 11:59:00 - info: connect Driver Detail all view
2021-07-11 11:59:00 - info: connect City Detail all view
2021-07-11 11:59:00 - info: got Item detail all view results set now !
2021-07-11 11:59:00 - info: got Category detail all view results set now !
