2021-07-12 03:01:23 - info: ServMe Service started on port 5102
2021-07-12 03:01:32 - info: Get Item Detail is Special Discount
2021-07-12 03:01:32 - info: connect Driver Detail all view
2021-07-12 03:01:32 - info: got Item detail all view results set now !
2021-07-12 03:02:21 - info: Get Item Detail is Special Discount
2021-07-12 03:02:21 - info: connect Driver Detail all view
2021-07-12 03:02:21 - info: got Item detail all view results set now !
2021-07-12 03:06:04 - info: Get District Detail
2021-07-12 03:06:04 - info: connect District Detail all view
2021-07-12 03:06:04 - info: got District detail all view results set now !
2021-07-12 03:06:04 - info: Get District Detail
2021-07-12 03:06:04 - info: Get Item Detail is Special Discount
2021-07-12 03:06:04 - info: connect City Detail all view
2021-07-12 03:06:04 - info: got City detail all view results set now !
2021-07-12 03:06:04 - info: Get Category Detail
2021-07-12 03:06:04 - info: connect City Detail all view
2021-07-12 03:06:04 - info: connect Driver Detail all view
2021-07-12 03:06:04 - info: got Category detail all view results set now !
2021-07-12 03:06:04 - info: got Item detail all view results set now !
2021-07-12 03:07:21 - info: Get District Detail
2021-07-12 03:07:21 - info: connect District Detail all view
2021-07-12 03:07:21 - info: Get District Detail
2021-07-12 03:07:21 - info: Get Item Detail is Special Discount
2021-07-12 03:07:21 - info: got District detail all view results set now !
2021-07-12 03:07:21 - info: Get Category Detail
2021-07-12 03:07:21 - info: connect City Detail all view
2021-07-12 03:07:21 - info: got City detail all view results set now !
2021-07-12 03:07:21 - info: connect City Detail all view
2021-07-12 03:07:21 - info: connect Driver Detail all view
2021-07-12 03:07:21 - info: got Category detail all view results set now !
2021-07-12 03:07:21 - info: got Item detail all view results set now !
2021-07-12 03:09:10 - info: Get District Detail
2021-07-12 03:09:10 - info: connect District Detail all view
2021-07-12 03:09:10 - info: got District detail all view results set now !
2021-07-12 03:09:10 - info: Get District Detail
2021-07-12 03:09:10 - info: connect City Detail all view
2021-07-12 03:09:10 - info: got City detail all view results set now !
2021-07-12 03:09:10 - info: Get Item Detail is Special Discount
2021-07-12 03:09:10 - info: connect Driver Detail all view
2021-07-12 03:09:10 - info: got Item detail all view results set now !
2021-07-12 03:09:10 - info: Get Category Detail
2021-07-12 03:09:10 - info: connect City Detail all view
2021-07-12 03:09:10 - info: got Category detail all view results set now !
2021-07-12 03:09:46 - info: Get District Detail
2021-07-12 03:09:46 - info: connect District Detail all view
2021-07-12 03:09:46 - info: got District detail all view results set now !
2021-07-12 03:09:46 - info: Get District Detail
2021-07-12 03:09:46 - info: connect City Detail all view
2021-07-12 03:09:46 - info: got City detail all view results set now !
2021-07-12 03:09:46 - info: Get Item Detail is Special Discount
2021-07-12 03:09:46 - info: connect Driver Detail all view
2021-07-12 03:09:46 - info: got Item detail all view results set now !
2021-07-12 03:09:46 - info: Get Category Detail
2021-07-12 03:09:46 - info: connect City Detail all view
2021-07-12 03:09:46 - info: got Category detail all view results set now !
2021-07-12 03:10:17 - info: Get District Detail
2021-07-12 03:10:17 - info: connect District Detail all view
2021-07-12 03:10:17 - info: got District detail all view results set now !
2021-07-12 03:10:17 - info: Get District Detail
2021-07-12 03:10:17 - info: Get Item Detail is Special Discount
2021-07-12 03:10:17 - info: connect City Detail all view
2021-07-12 03:10:17 - info: connect Driver Detail all view
2021-07-12 03:10:17 - info: got City detail all view results set now !
2021-07-12 03:10:17 - info: got Item detail all view results set now !
2021-07-12 03:10:17 - info: Get Category Detail
2021-07-12 03:10:17 - info: connect City Detail all view
2021-07-12 03:10:17 - info: got Category detail all view results set now !
2021-07-12 03:11:10 - info: Get District Detail
2021-07-12 03:11:10 - info: connect District Detail all view
2021-07-12 03:11:10 - info: got District detail all view results set now !
2021-07-12 03:11:10 - info: Get District Detail
2021-07-12 03:11:10 - info: connect City Detail all view
2021-07-12 03:11:10 - info: got City detail all view results set now !
2021-07-12 03:11:10 - info: Get Item Detail is Special Discount
2021-07-12 03:11:10 - info: connect Driver Detail all view
2021-07-12 03:11:10 - info: got Item detail all view results set now !
2021-07-12 03:11:10 - info: Get Category Detail
2021-07-12 03:11:10 - info: connect City Detail all view
2021-07-12 03:11:10 - info: got Category detail all view results set now !
2021-07-12 03:11:13 - info: Get Item Detail is Special Discount
2021-07-12 03:11:13 - info: connect Driver Detail all view
2021-07-12 03:11:13 - info: Get Recent Item Detail is Special Discount
2021-07-12 03:11:13 - info: got Item detail all view results set now !
2021-07-12 03:11:13 - info: connect Driver Detail all view
2021-07-12 03:11:13 - info: got Item detail all view results set now !
2021-07-12 03:11:24 - info: Get District Detail
2021-07-12 03:11:24 - info: connect District Detail all view
2021-07-12 03:11:24 - info: got District detail all view results set now !
2021-07-12 03:11:24 - info: Get District Detail
2021-07-12 03:11:24 - info: connect City Detail all view
2021-07-12 03:11:24 - info: got City detail all view results set now !
2021-07-12 03:11:24 - info: Get Item Detail is Special Discount
2021-07-12 03:11:24 - info: connect Driver Detail all view
2021-07-12 03:11:24 - info: got Item detail all view results set now !
2021-07-12 03:11:24 - info: Get Category Detail
2021-07-12 03:11:24 - info: connect City Detail all view
2021-07-12 03:11:24 - info: got Category detail all view results set now !
2021-07-12 03:11:46 - info: Get District Detail
2021-07-12 03:11:46 - info: connect District Detail all view
2021-07-12 03:11:46 - info: got District detail all view results set now !
2021-07-12 03:11:46 - info: Get District Detail
2021-07-12 03:11:46 - info: connect City Detail all view
2021-07-12 03:11:46 - info: got City detail all view results set now !
2021-07-12 03:11:46 - info: Get Item Detail is Special Discount
2021-07-12 03:11:46 - info: connect Driver Detail all view
2021-07-12 03:11:46 - info: got Item detail all view results set now !
2021-07-12 03:11:46 - info: Get Category Detail
2021-07-12 03:11:46 - info: connect City Detail all view
2021-07-12 03:11:46 - info: got Category detail all view results set now !
2021-07-12 03:19:38 - info: inside newShop undefined
2021-07-12 03:19:38 - info: Validation error.
2021-07-12 03:24:28 - info: ServMe Service started on port 5102
2021-07-12 03:24:46 - info: Get Item Detail is Special Discount
2021-07-12 03:24:46 - info: connect Driver Detail all view
2021-07-12 03:24:46 - error: mysql connection error. ER_BAD_FIELD_ERROR: Unknown column 'undefined' in 'where clause'
2021-07-12 03:25:08 - info: ServMe Service started on port 5102
2021-07-12 03:25:16 - info: Get Item Detail is Special Discount
2021-07-12 03:25:16 - info: connect Driver Detail all view
2021-07-12 03:25:16 - error: mysql connection error. ER_BAD_FIELD_ERROR: Unknown column 'undefined' in 'where clause'
2021-07-12 03:26:17 - info: Get Item Detail is Special Discount
2021-07-12 03:26:17 - info: connect Driver Detail all view
2021-07-12 03:26:17 - error: mysql connection error. ER_BAD_FIELD_ERROR: Unknown column 'undefined' in 'where clause'
2021-07-12 03:27:26 - info: Get Item Detail is Special Discount
2021-07-12 03:27:26 - info: connect Driver Detail all view
2021-07-12 03:27:26 - error: mysql connection error. ER_BAD_FIELD_ERROR: Unknown column 'undefined' in 'where clause'
2021-07-12 03:30:38 - info: Get Item Detail is Special Discount
2021-07-12 03:30:38 - info: connect Driver Detail all view
2021-07-12 03:30:38 - error: mysql connection error. ER_BAD_FIELD_ERROR: Unknown column 'undefined' in 'where clause'
2021-07-12 03:32:10 - info: Get Item Detail is Special Discount
2021-07-12 03:32:10 - info: connect Driver Detail all view
2021-07-12 03:32:10 - error: mysql connection error. ER_BAD_FIELD_ERROR: Unknown column 'undefined' in 'where clause'
2021-07-12 03:33:28 - info: Get Item Detail is Special Discount
2021-07-12 03:33:28 - info: connect Driver Detail all view
2021-07-12 03:33:28 - error: mysql connection error. ER_BAD_FIELD_ERROR: Unknown column 'test' in 'where clause'
2021-07-12 03:34:03 - info: Get Item Detail is Special Discount
2021-07-12 03:34:03 - info: connect Driver Detail all view
2021-07-12 03:34:03 - error: mysql connection error. ER_BAD_FIELD_ERROR: Unknown column 'test' in 'where clause'
2021-07-12 03:39:00 - info: ServMe Service started on port 5102
2021-07-12 03:39:08 - info: Get Item Detail is Special Discount
2021-07-12 03:39:08 - info: connect Driver Detail all view
2021-07-12 03:39:08 - info: got Item detail all view results set now !
2021-07-12 03:39:32 - info: ServMe Service started on port 5102
2021-07-12 03:39:35 - info: Get Item Detail is Special Discount
2021-07-12 03:39:35 - info: connect Driver Detail all view
2021-07-12 03:39:35 - info: got Item detail all view results set now !
2021-07-12 03:40:42 - info: Get Item Detail is Special Discount
2021-07-12 03:40:42 - info: connect Driver Detail all view
2021-07-12 03:40:42 - info: got Item detail all view results set now !
2021-07-12 03:42:53 - info: Get Item Detail is Special Discount
2021-07-12 03:42:53 - info: connect Driver Detail all view
2021-07-12 03:42:53 - info: got Item detail all view results set now !
2021-07-12 03:46:38 - info: Get Item Detail is Special Discount
2021-07-12 03:46:38 - info: connect Driver Detail all view
2021-07-12 03:46:38 - info: got Item detail all view results set now !
