2021-07-12 02:01:06 - info: Get Item Detail is Special Discount
2021-07-12 02:01:06 - info: connect Driver Detail all view
2021-07-12 02:01:06 - info: Get Item Detail is Special Discount
2021-07-12 02:01:06 - info: got Item detail all view results set now !
2021-07-12 02:01:06 - info: connect Driver Detail all view
2021-07-12 02:01:06 - info: got Item detail all view results set now !
2021-07-12 02:02:06 - info: Get Item Detail is Special Discount
2021-07-12 02:02:06 - info: connect Driver Detail all view
2021-07-12 02:02:06 - info: got Item detail all view results set now !
2021-07-12 02:02:06 - info: Get Item Detail is Special Discount
2021-07-12 02:02:06 - info: connect Driver Detail all view
2021-07-12 02:02:06 - info: got Item detail all view results set now !
2021-07-12 02:02:28 - info: Get Item Detail is Special Discount
2021-07-12 02:02:28 - info: connect Driver Detail all view
2021-07-12 02:02:28 - info: got Item detail all view results set now !
2021-07-12 02:02:28 - info: Get Item Detail is Special Discount
2021-07-12 02:02:28 - info: connect Driver Detail all view
2021-07-12 02:02:28 - info: got Item detail all view results set now !
2021-07-12 02:02:45 - info: Get Item Detail is Special Discount
2021-07-12 02:02:45 - info: Get Item Detail is Special Discount
2021-07-12 02:02:45 - info: connect Driver Detail all view
2021-07-12 02:02:45 - info: got Item detail all view results set now !
2021-07-12 02:02:45 - info: connect Driver Detail all view
2021-07-12 02:02:45 - info: got Item detail all view results set now !
2021-07-12 02:02:57 - info: Get Item Detail is Special Discount
2021-07-12 02:02:57 - info: connect Driver Detail all view
2021-07-12 02:02:57 - info: Get Item Detail is Special Discount
2021-07-12 02:02:57 - info: got Item detail all view results set now !
2021-07-12 02:02:57 - info: connect Driver Detail all view
2021-07-12 02:02:57 - info: got Item detail all view results set now !
2021-07-12 02:04:16 - info: Get Item Detail is Special Discount
2021-07-12 02:04:16 - info: connect Driver Detail all view
2021-07-12 02:04:16 - info: got Item detail all view results set now !
2021-07-12 02:04:16 - info: Get Item Detail is Special Discount
2021-07-12 02:04:16 - info: connect Driver Detail all view
2021-07-12 02:04:16 - info: got Item detail all view results set now !
2021-07-12 02:04:24 - info: Get Item Detail is Special Discount
2021-07-12 02:04:24 - info: connect Driver Detail all view
2021-07-12 02:04:24 - info: got Item detail all view results set now !
2021-07-12 02:04:24 - info: Get Item Detail is Special Discount
2021-07-12 02:04:24 - info: connect Driver Detail all view
2021-07-12 02:04:24 - info: got Item detail all view results set now !
2021-07-12 02:06:09 - info: Get Item Detail is Special Discount
2021-07-12 02:06:09 - info: connect Driver Detail all view
2021-07-12 02:06:09 - info: got Item detail all view results set now !
2021-07-12 02:06:09 - info: Get Item Detail is Special Discount
2021-07-12 02:06:09 - info: connect Driver Detail all view
2021-07-12 02:06:09 - info: got Item detail all view results set now !
2021-07-12 02:06:33 - info: Get Item Detail is Special Discount
2021-07-12 02:06:33 - info: connect Driver Detail all view
2021-07-12 02:06:33 - info: Get Item Detail is Special Discount
2021-07-12 02:06:33 - info: got Item detail all view results set now !
2021-07-12 02:06:33 - info: connect Driver Detail all view
2021-07-12 02:06:33 - info: got Item detail all view results set now !
2021-07-12 02:07:00 - info: Get Item Detail is Special Discount
2021-07-12 02:07:00 - info: connect Driver Detail all view
2021-07-12 02:07:00 - info: got Item detail all view results set now !
2021-07-12 02:07:00 - info: Get Item Detail is Special Discount
2021-07-12 02:07:00 - info: connect Driver Detail all view
2021-07-12 02:07:00 - info: got Item detail all view results set now !
2021-07-12 02:07:14 - info: Get Item Detail is Special Discount
2021-07-12 02:07:14 - info: connect Driver Detail all view
2021-07-12 02:07:14 - info: got Item detail all view results set now !
2021-07-12 02:07:14 - info: Get Item Detail is Special Discount
2021-07-12 02:07:14 - info: connect Driver Detail all view
2021-07-12 02:07:14 - info: got Item detail all view results set now !
2021-07-12 02:07:44 - info: Get Item Detail is Special Discount
2021-07-12 02:07:44 - info: connect Driver Detail all view
2021-07-12 02:07:44 - info: got Item detail all view results set now !
2021-07-12 02:07:44 - info: Get Item Detail is Special Discount
2021-07-12 02:07:44 - info: connect Driver Detail all view
2021-07-12 02:07:44 - info: got Item detail all view results set now !
2021-07-12 02:07:54 - info: Get Item Detail is Special Discount
2021-07-12 02:07:54 - info: connect Driver Detail all view
2021-07-12 02:07:54 - info: got Item detail all view results set now !
2021-07-12 02:07:54 - info: Get Item Detail is Special Discount
2021-07-12 02:07:54 - info: connect Driver Detail all view
2021-07-12 02:07:54 - info: got Item detail all view results set now !
2021-07-12 02:08:21 - info: Get Item Detail is Special Discount
2021-07-12 02:08:21 - info: connect Driver Detail all view
2021-07-12 02:08:21 - info: got Item detail all view results set now !
2021-07-12 02:08:21 - info: Get Item Detail is Special Discount
2021-07-12 02:08:21 - info: connect Driver Detail all view
2021-07-12 02:08:21 - info: got Item detail all view results set now !
2021-07-12 02:08:31 - info: Get Item Detail is Special Discount
2021-07-12 02:08:31 - info: connect Driver Detail all view
2021-07-12 02:08:31 - info: got Item detail all view results set now !
2021-07-12 02:08:31 - info: Get Item Detail is Special Discount
2021-07-12 02:08:31 - info: connect Driver Detail all view
2021-07-12 02:08:31 - info: got Item detail all view results set now !
2021-07-12 02:09:00 - info: Get Item Detail is Special Discount
2021-07-12 02:09:00 - info: connect Driver Detail all view
2021-07-12 02:09:00 - info: got Item detail all view results set now !
2021-07-12 02:09:00 - info: Get Item Detail is Special Discount
2021-07-12 02:09:00 - info: connect Driver Detail all view
2021-07-12 02:09:00 - info: got Item detail all view results set now !
2021-07-12 02:09:43 - info: Get Item Detail is Special Discount
2021-07-12 02:09:43 - info: connect Driver Detail all view
2021-07-12 02:09:43 - info: got Item detail all view results set now !
2021-07-12 02:09:43 - info: Get Item Detail is Special Discount
2021-07-12 02:09:43 - info: connect Driver Detail all view
2021-07-12 02:09:43 - info: got Item detail all view results set now !
2021-07-12 02:10:27 - info: Get Item Detail is Special Discount
2021-07-12 02:10:27 - info: Get Item Detail is Special Discount
2021-07-12 02:10:27 - info: connect Driver Detail all view
2021-07-12 02:10:27 - info: got Item detail all view results set now !
2021-07-12 02:10:27 - info: connect Driver Detail all view
2021-07-12 02:10:27 - info: got Item detail all view results set now !
2021-07-12 02:10:39 - info: Get Item Detail is Special Discount
2021-07-12 02:10:39 - info: connect Driver Detail all view
2021-07-12 02:10:39 - info: got Item detail all view results set now !
2021-07-12 02:10:39 - info: Get Item Detail is Special Discount
2021-07-12 02:10:39 - info: connect Driver Detail all view
2021-07-12 02:10:39 - info: got Item detail all view results set now !
2021-07-12 02:11:10 - info: Get Item Detail is Special Discount
2021-07-12 02:11:10 - info: connect Driver Detail all view
2021-07-12 02:11:10 - info: got Item detail all view results set now !
2021-07-12 02:11:10 - info: Get Item Detail is Special Discount
2021-07-12 02:11:10 - info: connect Driver Detail all view
2021-07-12 02:11:10 - info: got Item detail all view results set now !
2021-07-12 02:11:26 - info: Get Item Detail is Special Discount
2021-07-12 02:11:26 - info: connect Driver Detail all view
2021-07-12 02:11:26 - info: got Item detail all view results set now !
2021-07-12 02:11:26 - info: Get Item Detail is Special Discount
2021-07-12 02:11:26 - info: connect Driver Detail all view
2021-07-12 02:11:26 - info: got Item detail all view results set now !
2021-07-12 02:11:51 - info: Get Item Detail is Special Discount
2021-07-12 02:11:51 - info: connect Driver Detail all view
2021-07-12 02:11:51 - info: got Item detail all view results set now !
2021-07-12 02:11:51 - info: Get Item Detail is Special Discount
2021-07-12 02:11:51 - info: connect Driver Detail all view
2021-07-12 02:11:51 - info: got Item detail all view results set now !
2021-07-12 02:12:13 - info: Get Item Detail is Special Discount
2021-07-12 02:12:13 - info: connect Driver Detail all view
2021-07-12 02:12:13 - info: got Item detail all view results set now !
2021-07-12 02:12:13 - info: Get Item Detail is Special Discount
2021-07-12 02:12:13 - info: connect Driver Detail all view
2021-07-12 02:12:13 - info: got Item detail all view results set now !
2021-07-12 02:12:29 - info: Get Item Detail is Special Discount
2021-07-12 02:12:29 - info: connect Driver Detail all view
2021-07-12 02:12:29 - info: got Item detail all view results set now !
2021-07-12 02:12:29 - info: Get Item Detail is Special Discount
2021-07-12 02:12:29 - info: connect Driver Detail all view
2021-07-12 02:12:29 - info: got Item detail all view results set now !
2021-07-12 02:13:00 - info: Get Item Detail is Special Discount
2021-07-12 02:13:00 - info: connect Driver Detail all view
2021-07-12 02:13:00 - info: got Item detail all view results set now !
2021-07-12 02:13:00 - info: Get Item Detail is Special Discount
2021-07-12 02:13:00 - info: connect Driver Detail all view
2021-07-12 02:13:00 - info: got Item detail all view results set now !
2021-07-12 02:13:33 - info: Get Item Detail is Special Discount
2021-07-12 02:13:33 - info: connect Driver Detail all view
2021-07-12 02:13:33 - info: got Item detail all view results set now !
2021-07-12 02:13:33 - info: Get Item Detail is Special Discount
2021-07-12 02:13:33 - info: connect Driver Detail all view
2021-07-12 02:13:33 - info: got Item detail all view results set now !
2021-07-12 02:13:48 - info: Get Item Detail is Special Discount
2021-07-12 02:13:48 - info: connect Driver Detail all view
2021-07-12 02:13:48 - info: got Item detail all view results set now !
2021-07-12 02:13:48 - info: Get Item Detail is Special Discount
2021-07-12 02:13:48 - info: connect Driver Detail all view
2021-07-12 02:13:48 - info: got Item detail all view results set now !
2021-07-12 02:14:32 - info: Get Item Detail is Special Discount
2021-07-12 02:14:32 - info: connect Driver Detail all view
2021-07-12 02:14:32 - info: got Item detail all view results set now !
2021-07-12 02:14:32 - info: Get Item Detail is Special Discount
2021-07-12 02:14:32 - info: connect Driver Detail all view
2021-07-12 02:14:32 - info: got Item detail all view results set now !
2021-07-12 02:15:18 - info: Get Item Detail is Special Discount
2021-07-12 02:15:18 - info: connect Driver Detail all view
2021-07-12 02:15:18 - info: got Item detail all view results set now !
2021-07-12 02:15:18 - info: Get Item Detail is Special Discount
2021-07-12 02:15:18 - info: connect Driver Detail all view
2021-07-12 02:15:18 - info: got Item detail all view results set now !
2021-07-12 02:15:29 - info: Get Item Detail is Special Discount
2021-07-12 02:15:29 - info: connect Driver Detail all view
2021-07-12 02:15:29 - info: got Item detail all view results set now !
2021-07-12 02:15:29 - info: Get Item Detail is Special Discount
2021-07-12 02:15:29 - info: connect Driver Detail all view
2021-07-12 02:15:29 - info: got Item detail all view results set now !
2021-07-12 02:15:43 - info: Get Item Detail is Special Discount
2021-07-12 02:15:43 - info: connect Driver Detail all view
2021-07-12 02:15:43 - info: Get Item Detail is Special Discount
2021-07-12 02:15:43 - info: got Item detail all view results set now !
2021-07-12 02:15:43 - info: connect Driver Detail all view
2021-07-12 02:15:43 - info: got Item detail all view results set now !
2021-07-12 02:15:58 - info: Get Item Detail is Special Discount
2021-07-12 02:15:58 - info: connect Driver Detail all view
2021-07-12 02:15:58 - info: got Item detail all view results set now !
2021-07-12 02:15:58 - info: Get Item Detail is Special Discount
2021-07-12 02:15:58 - info: connect Driver Detail all view
2021-07-12 02:15:58 - info: got Item detail all view results set now !
2021-07-12 02:16:17 - info: Get Item Detail is Special Discount
2021-07-12 02:16:17 - info: connect Driver Detail all view
2021-07-12 02:16:17 - info: got Item detail all view results set now !
2021-07-12 02:16:17 - info: Get Item Detail is Special Discount
2021-07-12 02:16:17 - info: connect Driver Detail all view
2021-07-12 02:16:17 - info: got Item detail all view results set now !
2021-07-12 02:16:33 - info: Get Item Detail is Special Discount
2021-07-12 02:16:33 - info: connect Driver Detail all view
2021-07-12 02:16:33 - info: got Item detail all view results set now !
2021-07-12 02:16:33 - info: Get Item Detail is Special Discount
2021-07-12 02:16:33 - info: connect Driver Detail all view
2021-07-12 02:16:33 - info: got Item detail all view results set now !
2021-07-12 02:16:57 - info: Get Item Detail is Special Discount
2021-07-12 02:16:57 - info: connect Driver Detail all view
2021-07-12 02:16:57 - info: got Item detail all view results set now !
2021-07-12 02:16:57 - info: Get Item Detail is Special Discount
2021-07-12 02:16:57 - info: connect Driver Detail all view
2021-07-12 02:16:57 - info: got Item detail all view results set now !
2021-07-12 02:17:11 - info: Get Item Detail is Special Discount
2021-07-12 02:17:11 - info: connect Driver Detail all view
2021-07-12 02:17:11 - info: got Item detail all view results set now !
2021-07-12 02:17:11 - info: Get Item Detail is Special Discount
2021-07-12 02:17:11 - info: connect Driver Detail all view
2021-07-12 02:17:11 - info: got Item detail all view results set now !
2021-07-12 02:18:07 - info: Get Item Detail is Special Discount
2021-07-12 02:18:07 - info: connect Driver Detail all view
2021-07-12 02:18:07 - info: got Item detail all view results set now !
2021-07-12 02:18:07 - info: Get Item Detail is Special Discount
2021-07-12 02:18:07 - info: connect Driver Detail all view
2021-07-12 02:18:07 - info: got Item detail all view results set now !
2021-07-12 02:18:31 - info: Get Item Detail is Special Discount
2021-07-12 02:18:31 - info: connect Driver Detail all view
2021-07-12 02:18:31 - info: got Item detail all view results set now !
2021-07-12 02:18:31 - info: Get Item Detail is Special Discount
2021-07-12 02:18:31 - info: connect Driver Detail all view
2021-07-12 02:18:31 - info: got Item detail all view results set now !
2021-07-12 02:19:10 - info: Get Item Detail is Special Discount
2021-07-12 02:19:10 - info: connect Driver Detail all view
2021-07-12 02:19:10 - info: Get Item Detail is Special Discount
2021-07-12 02:19:10 - info: got Item detail all view results set now !
2021-07-12 02:19:10 - info: connect Driver Detail all view
2021-07-12 02:19:10 - info: got Item detail all view results set now !
2021-07-12 02:19:52 - info: Get Item Detail is Special Discount
2021-07-12 02:19:52 - info: connect Driver Detail all view
2021-07-12 02:19:52 - info: got Item detail all view results set now !
2021-07-12 02:19:52 - info: Get Item Detail is Special Discount
2021-07-12 02:19:52 - info: connect Driver Detail all view
2021-07-12 02:19:52 - info: got Item detail all view results set now !
2021-07-12 02:20:05 - info: Get Item Detail is Special Discount
2021-07-12 02:20:05 - info: Get Item Detail is Special Discount
2021-07-12 02:20:05 - info: connect Driver Detail all view
2021-07-12 02:20:05 - info: connect Driver Detail all view
2021-07-12 02:20:05 - info: got Item detail all view results set now !
2021-07-12 02:20:05 - info: got Item detail all view results set now !
2021-07-12 02:20:19 - info: Get Item Detail is Special Discount
2021-07-12 02:20:19 - info: connect Driver Detail all view
2021-07-12 02:20:19 - info: got Item detail all view results set now !
2021-07-12 02:20:19 - info: Get Item Detail is Special Discount
2021-07-12 02:20:19 - info: connect Driver Detail all view
2021-07-12 02:20:19 - info: got Item detail all view results set now !
2021-07-12 02:21:04 - info: Get Item Detail is Special Discount
2021-07-12 02:21:04 - info: connect Driver Detail all view
2021-07-12 02:21:04 - info: Get Item Detail is Special Discount
2021-07-12 02:21:04 - info: got Item detail all view results set now !
2021-07-12 02:21:04 - info: connect Driver Detail all view
2021-07-12 02:21:04 - info: got Item detail all view results set now !
2021-07-12 02:21:40 - info: Get Item Detail is Special Discount
2021-07-12 02:21:40 - info: connect Driver Detail all view
2021-07-12 02:21:40 - info: got Item detail all view results set now !
2021-07-12 02:21:40 - info: Get Item Detail is Special Discount
2021-07-12 02:21:40 - info: connect Driver Detail all view
2021-07-12 02:21:40 - info: got Item detail all view results set now !
2021-07-12 02:21:57 - info: Get Item Detail is Special Discount
2021-07-12 02:21:57 - info: connect Driver Detail all view
2021-07-12 02:21:57 - info: got Item detail all view results set now !
2021-07-12 02:21:57 - info: Get Item Detail is Special Discount
2021-07-12 02:21:57 - info: connect Driver Detail all view
2021-07-12 02:21:57 - info: got Item detail all view results set now !
2021-07-12 02:22:11 - info: Get Item Detail is Special Discount
2021-07-12 02:22:11 - info: connect Driver Detail all view
2021-07-12 02:22:11 - info: got Item detail all view results set now !
2021-07-12 02:22:11 - info: Get Item Detail is Special Discount
2021-07-12 02:22:11 - info: connect Driver Detail all view
2021-07-12 02:22:11 - info: got Item detail all view results set now !
2021-07-12 02:22:38 - info: Get Item Detail is Special Discount
2021-07-12 02:22:38 - info: connect Driver Detail all view
2021-07-12 02:22:38 - info: got Item detail all view results set now !
2021-07-12 02:22:38 - info: Get Item Detail is Special Discount
2021-07-12 02:22:38 - info: connect Driver Detail all view
2021-07-12 02:22:38 - info: got Item detail all view results set now !
2021-07-12 02:22:58 - info: Get Item Detail is Special Discount
2021-07-12 02:22:58 - info: connect Driver Detail all view
2021-07-12 02:22:58 - info: got Item detail all view results set now !
2021-07-12 02:22:58 - info: Get Item Detail is Special Discount
2021-07-12 02:22:58 - info: connect Driver Detail all view
2021-07-12 02:22:58 - info: got Item detail all view results set now !
2021-07-12 02:23:14 - info: Get Item Detail is Special Discount
2021-07-12 02:23:14 - info: connect Driver Detail all view
2021-07-12 02:23:14 - info: got Item detail all view results set now !
2021-07-12 02:23:14 - info: Get Item Detail is Special Discount
2021-07-12 02:23:14 - info: connect Driver Detail all view
2021-07-12 02:23:14 - info: got Item detail all view results set now !
2021-07-12 02:24:06 - info: Get Item Detail is Special Discount
2021-07-12 02:24:06 - info: connect Driver Detail all view
2021-07-12 02:24:06 - info: got Item detail all view results set now !
2021-07-12 02:24:06 - info: Get Item Detail is Special Discount
2021-07-12 02:24:06 - info: connect Driver Detail all view
2021-07-12 02:24:06 - info: got Item detail all view results set now !
2021-07-12 02:25:27 - info: Get Item Detail is Special Discount
2021-07-12 02:25:27 - info: connect Driver Detail all view
2021-07-12 02:25:27 - info: got Item detail all view results set now !
2021-07-12 02:25:27 - info: Get Item Detail is Special Discount
2021-07-12 02:25:27 - info: connect Driver Detail all view
2021-07-12 02:25:27 - info: got Item detail all view results set now !
2021-07-12 02:26:46 - info: Get Item Detail is Special Discount
2021-07-12 02:26:46 - info: connect Driver Detail all view
2021-07-12 02:26:46 - info: got Item detail all view results set now !
2021-07-12 02:26:46 - info: Get Item Detail is Special Discount
2021-07-12 02:26:46 - info: connect Driver Detail all view
2021-07-12 02:26:46 - info: got Item detail all view results set now !
2021-07-12 02:26:59 - info: Get Item Detail is Special Discount
2021-07-12 02:26:59 - info: connect Driver Detail all view
2021-07-12 02:26:59 - info: got Item detail all view results set now !
2021-07-12 02:26:59 - info: Get Item Detail is Special Discount
2021-07-12 02:26:59 - info: connect Driver Detail all view
2021-07-12 02:26:59 - info: got Item detail all view results set now !
2021-07-12 02:28:06 - info: Get Item Detail is Special Discount
2021-07-12 02:28:06 - info: connect Driver Detail all view
2021-07-12 02:28:06 - info: Get Item Detail is Special Discount
2021-07-12 02:28:06 - info: got Item detail all view results set now !
2021-07-12 02:28:06 - info: connect Driver Detail all view
2021-07-12 02:28:06 - info: got Item detail all view results set now !
2021-07-12 02:29:41 - info: Get Item Detail is Special Discount
2021-07-12 02:29:41 - info: connect Driver Detail all view
2021-07-12 02:29:41 - info: got Item detail all view results set now !
2021-07-12 02:29:41 - info: Get Item Detail is Special Discount
2021-07-12 02:29:41 - info: connect Driver Detail all view
2021-07-12 02:29:41 - info: got Item detail all view results set now !
2021-07-12 02:31:20 - info: Get Item Detail is Special Discount
2021-07-12 02:31:20 - info: connect Driver Detail all view
2021-07-12 02:31:20 - info: got Item detail all view results set now !
2021-07-12 02:31:20 - info: Get Item Detail is Special Discount
2021-07-12 02:31:20 - info: connect Driver Detail all view
2021-07-12 02:31:20 - info: got Item detail all view results set now !
2021-07-12 02:31:20 - error: Inside 'resource not found' handler , Req resource: http://localhost:5102/shop/get
2021-07-12 02:32:04 - info: ServMe Service started on port 5102
2021-07-12 02:32:14 - info: Get Item Detail is Special Discount
2021-07-12 02:32:14 - info: Get Item Detail is Special Discount
2021-07-12 02:32:14 - info: Get Item Detail is Special Discount
2021-07-12 02:32:14 - info: connect Driver Detail all view
2021-07-12 02:32:15 - info: got Item detail all view results set now !
2021-07-12 02:32:15 - info: connect Driver Detail all view
2021-07-12 02:32:15 - info: connect Driver Detail all view
2021-07-12 02:32:15 - info: got Item detail all view results set now !
2021-07-12 02:32:15 - info: got Item detail all view results set now !
2021-07-12 02:34:00 - info: Get Item Detail is Special Discount
2021-07-12 02:34:00 - info: Get Item Detail is Special Discount
2021-07-12 02:34:00 - info: connect Driver Detail all view
2021-07-12 02:34:00 - info: connect Driver Detail all view
2021-07-12 02:34:00 - info: got Item detail all view results set now !
2021-07-12 02:34:00 - info: got Item detail all view results set now !
2021-07-12 02:34:00 - info: Get Item Detail is Special Discount
2021-07-12 02:34:00 - info: connect Driver Detail all view
2021-07-12 02:34:00 - info: got Item detail all view results set now !
2021-07-12 02:35:04 - info: Get Item Detail is Special Discount
2021-07-12 02:35:04 - info: connect Driver Detail all view
2021-07-12 02:35:04 - info: got Item detail all view results set now !
2021-07-12 02:35:04 - info: Get Item Detail is Special Discount
2021-07-12 02:35:04 - info: connect Driver Detail all view
2021-07-12 02:35:04 - info: got Item detail all view results set now !
2021-07-12 02:35:04 - info: Get Item Detail is Special Discount
2021-07-12 02:35:04 - info: connect Driver Detail all view
2021-07-12 02:35:04 - info: got Item detail all view results set now !
2021-07-12 02:35:19 - info: Get Item Detail is Special Discount
2021-07-12 02:35:19 - info: connect Driver Detail all view
2021-07-12 02:35:19 - info: got Item detail all view results set now !
2021-07-12 02:35:19 - info: Get Item Detail is Special Discount
2021-07-12 02:35:19 - info: connect Driver Detail all view
2021-07-12 02:35:19 - info: got Item detail all view results set now !
2021-07-12 02:35:19 - info: Get Item Detail is Special Discount
2021-07-12 02:35:19 - info: connect Driver Detail all view
2021-07-12 02:35:19 - info: got Item detail all view results set now !
2021-07-12 02:35:57 - info: Get Item Detail is Special Discount
2021-07-12 02:35:57 - info: connect Driver Detail all view
2021-07-12 02:35:57 - info: Get Item Detail is Special Discount
2021-07-12 02:35:57 - info: got Item detail all view results set now !
2021-07-12 02:35:57 - info: connect Driver Detail all view
2021-07-12 02:35:57 - info: got Item detail all view results set now !
2021-07-12 02:38:34 - info: Get Item Detail is Special Discount
2021-07-12 02:38:34 - info: connect Driver Detail all view
2021-07-12 02:38:34 - info: Get Recent Item Detail is Special Discount
2021-07-12 02:38:34 - info: got Item detail all view results set now !
2021-07-12 02:38:34 - info: connect Driver Detail all view
2021-07-12 02:38:34 - info: got Item detail all view results set now !
2021-07-12 02:38:42 - info: Get Item Detail is Special Discount
2021-07-12 02:38:42 - info: connect Driver Detail all view
2021-07-12 02:38:42 - info: got Item detail all view results set now !
2021-07-12 02:38:42 - info: Get Item Detail is Special Discount
2021-07-12 02:38:42 - info: connect Driver Detail all view
2021-07-12 02:38:42 - info: got Item detail all view results set now !
2021-07-12 02:38:42 - info: Get Item Detail is Special Discount
2021-07-12 02:38:42 - info: connect Driver Detail all view
2021-07-12 02:38:42 - info: got Item detail all view results set now !
2021-07-12 02:40:04 - info: Get Item Detail is Special Discount
2021-07-12 02:40:04 - info: connect Driver Detail all view
2021-07-12 02:40:04 - info: got Item detail all view results set now !
2021-07-12 02:40:04 - info: Get Item Detail is Special Discount
2021-07-12 02:40:04 - info: connect Driver Detail all view
2021-07-12 02:40:04 - info: got Item detail all view results set now !
2021-07-12 02:40:04 - info: Get Item Detail is Special Discount
2021-07-12 02:40:04 - info: connect Driver Detail all view
2021-07-12 02:40:04 - info: got Item detail all view results set now !
2021-07-12 02:41:06 - info: Get Item Detail is Special Discount
2021-07-12 02:41:06 - info: connect Driver Detail all view
2021-07-12 02:41:06 - info: got Item detail all view results set now !
2021-07-12 02:41:06 - info: Get Item Detail is Special Discount
2021-07-12 02:41:06 - info: connect Driver Detail all view
2021-07-12 02:41:06 - info: got Item detail all view results set now !
2021-07-12 02:41:07 - info: Get Item Detail is Special Discount
2021-07-12 02:41:07 - info: connect Driver Detail all view
2021-07-12 02:41:07 - info: got Item detail all view results set now !
2021-07-12 02:41:51 - info: ServMe Service started on port 5102
2021-07-12 02:42:30 - info: ServMe Service started on port 5102
2021-07-12 02:42:39 - info: Get Item Detail is Special Discount
2021-07-12 02:42:39 - info: Get Item Detail is Special Discount
2021-07-12 02:42:39 - info: Get Item Detail is Special Discount
2021-07-12 02:42:39 - info: connect Driver Detail all view
2021-07-12 02:42:39 - info: connect Driver Detail all view
2021-07-12 02:42:39 - info: connect Driver Detail all view
2021-07-12 02:42:39 - info: got Item detail all view results set now !
2021-07-12 02:42:39 - info: got Item detail all view results set now !
2021-07-12 02:42:39 - info: got Item detail all view results set now !
2021-07-12 02:44:21 - info: ServMe Service started on port 5102
2021-07-12 02:45:10 - info: Get Item Detail is Special Discount
2021-07-12 02:45:10 - info: Get Item Detail is Special Discount
2021-07-12 02:45:10 - info: Get Item Detail is Special Discount
2021-07-12 02:45:10 - info: connect Driver Detail all view
2021-07-12 02:45:10 - info: got Item detail all view results set now !
2021-07-12 02:45:10 - info: connect Driver Detail all view
2021-07-12 02:45:10 - info: connect Driver Detail all view
2021-07-12 02:45:10 - error: mysql connection error. ER_BAD_FIELD_ERROR: Unknown column 'undefined' in 'where clause'
2021-07-12 02:45:10 - info: got Item detail all view results set now !
2021-07-12 02:48:16 - info: ServMe Service started on port 5102
2021-07-12 02:48:22 - info: Get Item Detail is Special Discount
2021-07-12 02:48:23 - info: Get Item Detail is Special Discount
2021-07-12 02:48:23 - info: Get Item Detail is Special Discount
2021-07-12 02:48:23 - info: connect Driver Detail all view
2021-07-12 02:48:23 - info: got Item detail all view results set now !
2021-07-12 02:48:23 - info: connect Driver Detail all view
2021-07-12 02:48:23 - info: connect Driver Detail all view
2021-07-12 02:48:23 - error: mysql connection error. ER_BAD_FIELD_ERROR: Unknown column 'undefined' in 'where clause'
2021-07-12 02:48:23 - info: got Item detail all view results set now !
2021-07-12 02:49:39 - info: ServMe Service started on port 5102
2021-07-12 02:49:45 - info: Get Item Detail is Special Discount
2021-07-12 02:49:45 - info: Get Item Detail is Special Discount
2021-07-12 02:49:45 - info: Get Item Detail is Special Discount
2021-07-12 02:49:45 - info: connect Driver Detail all view
2021-07-12 02:49:45 - info: got Item detail all view results set now !
2021-07-12 02:49:45 - info: connect Driver Detail all view
2021-07-12 02:49:45 - info: connect Driver Detail all view
2021-07-12 02:49:45 - error: mysql connection error. ER_BAD_FIELD_ERROR: Unknown column 'undefined' in 'where clause'
2021-07-12 02:49:45 - info: got Item detail all view results set now !
2021-07-12 02:50:07 - info: ServMe Service started on port 5102
2021-07-12 02:50:14 - info: Get Item Detail is Special Discount
2021-07-12 02:50:14 - info: Get Item Detail is Special Discount
2021-07-12 02:50:14 - info: Get Item Detail is Special Discount
2021-07-12 02:50:14 - info: connect Driver Detail all view
2021-07-12 02:50:14 - info: got Item detail all view results set now !
2021-07-12 02:50:14 - info: connect Driver Detail all view
2021-07-12 02:50:14 - error: mysql connection error. ER_BAD_FIELD_ERROR: Unknown column 'undefined' in 'where clause'
2021-07-12 02:50:14 - info: connect Driver Detail all view
2021-07-12 02:50:14 - info: got Item detail all view results set now !
2021-07-12 02:51:57 - info: ServMe Service started on port 5102
2021-07-12 02:52:13 - info: Get Item Detail is Special Discount
2021-07-12 02:52:13 - info: Get Item Detail is Special Discount
2021-07-12 02:52:13 - info: Get Item Detail is Special Discount
2021-07-12 02:52:13 - info: connect Driver Detail all view
2021-07-12 02:52:13 - info: got Item detail all view results set now !
2021-07-12 02:52:13 - info: connect Driver Detail all view
2021-07-12 02:52:13 - info: connect Driver Detail all view
2021-07-12 02:52:13 - info: got Item detail all view results set now !
2021-07-12 02:52:13 - info: got Item detail all view results set now !
2021-07-12 02:53:13 - info: Get Item Detail is Special Discount
2021-07-12 02:53:13 - info: connect Driver Detail all view
2021-07-12 02:53:13 - info: got Item detail all view results set now !
2021-07-12 02:53:13 - info: Get Item Detail is Special Discount
2021-07-12 02:53:13 - info: Get Item Detail is Special Discount
2021-07-12 02:53:13 - info: connect Driver Detail all view
2021-07-12 02:53:13 - info: connect Driver Detail all view
2021-07-12 02:53:13 - info: got Item detail all view results set now !
2021-07-12 02:53:13 - info: got Item detail all view results set now !
2021-07-12 02:53:24 - info: Get Item Detail is Special Discount
2021-07-12 02:53:24 - info: connect Driver Detail all view
2021-07-12 02:53:24 - info: got Item detail all view results set now !
2021-07-12 02:53:24 - info: Get Item Detail is Special Discount
2021-07-12 02:53:24 - info: connect Driver Detail all view
2021-07-12 02:53:24 - info: got Item detail all view results set now !
2021-07-12 02:53:24 - info: Get Item Detail is Special Discount
2021-07-12 02:53:24 - info: connect Driver Detail all view
2021-07-12 02:53:24 - info: got Item detail all view results set now !
2021-07-12 02:54:29 - info: Get Item Detail is Special Discount
2021-07-12 02:54:29 - info: connect Driver Detail all view
2021-07-12 02:54:29 - info: Get Item Detail is Special Discount
2021-07-12 02:54:29 - info: got Item detail all view results set now !
2021-07-12 02:54:29 - info: connect Driver Detail all view
2021-07-12 02:54:29 - info: got Item detail all view results set now !
2021-07-12 02:54:29 - info: Get Item Detail is Special Discount
2021-07-12 02:54:29 - info: connect Driver Detail all view
2021-07-12 02:54:29 - info: got Item detail all view results set now !
2021-07-12 02:55:05 - info: Get Item Detail is Special Discount
2021-07-12 02:55:05 - info: connect Driver Detail all view
2021-07-12 02:55:05 - info: got Item detail all view results set now !
2021-07-12 02:55:05 - info: Get Item Detail is Special Discount
2021-07-12 02:55:05 - info: Get Item Detail is Special Discount
2021-07-12 02:55:05 - info: connect Driver Detail all view
2021-07-12 02:55:05 - info: connect Driver Detail all view
2021-07-12 02:55:05 - info: got Item detail all view results set now !
2021-07-12 02:55:05 - info: got Item detail all view results set now !
2021-07-12 02:55:32 - info: Get Item Detail is Special Discount
2021-07-12 02:55:32 - info: connect Driver Detail all view
2021-07-12 02:55:32 - info: Get Item Detail is Special Discount
2021-07-12 02:55:32 - info: Get Item Detail is Special Discount
2021-07-12 02:55:32 - info: got Item detail all view results set now !
2021-07-12 02:55:32 - info: connect Driver Detail all view
2021-07-12 02:55:32 - info: connect Driver Detail all view
2021-07-12 02:55:32 - info: got Item detail all view results set now !
2021-07-12 02:55:32 - info: got Item detail all view results set now !
2021-07-12 02:55:45 - info: Get Item Detail is Special Discount
2021-07-12 02:55:45 - info: connect Driver Detail all view
2021-07-12 02:55:45 - info: Get Item Detail is Special Discount
2021-07-12 02:55:45 - info: Get Item Detail is Special Discount
2021-07-12 02:55:45 - info: got Item detail all view results set now !
2021-07-12 02:55:45 - info: connect Driver Detail all view
2021-07-12 02:55:45 - info: connect Driver Detail all view
2021-07-12 02:55:45 - info: got Item detail all view results set now !
2021-07-12 02:55:45 - info: got Item detail all view results set now !
2021-07-12 02:56:08 - info: Get Item Detail is Special Discount
2021-07-12 02:56:08 - info: connect Driver Detail all view
2021-07-12 02:56:08 - info: got Item detail all view results set now !
2021-07-12 02:56:08 - info: Get Item Detail is Special Discount
2021-07-12 02:56:08 - info: connect Driver Detail all view
2021-07-12 02:56:08 - info: got Item detail all view results set now !
2021-07-12 02:56:08 - info: Get Item Detail is Special Discount
2021-07-12 02:56:08 - info: connect Driver Detail all view
2021-07-12 02:56:08 - info: got Item detail all view results set now !
2021-07-12 02:56:40 - info: Get Item Detail is Special Discount
2021-07-12 02:56:40 - info: connect Driver Detail all view
2021-07-12 02:56:40 - info: got Item detail all view results set now !
2021-07-12 02:56:40 - info: Get Item Detail is Special Discount
2021-07-12 02:56:40 - info: connect Driver Detail all view
2021-07-12 02:56:40 - info: Get Item Detail is Special Discount
2021-07-12 02:56:40 - info: got Item detail all view results set now !
2021-07-12 02:56:40 - info: connect Driver Detail all view
2021-07-12 02:56:40 - info: got Item detail all view results set now !
2021-07-12 02:56:57 - info: Get Item Detail is Special Discount
2021-07-12 02:56:57 - info: connect Driver Detail all view
2021-07-12 02:56:57 - info: got Item detail all view results set now !
2021-07-12 02:56:57 - info: Get Item Detail is Special Discount
2021-07-12 02:56:57 - info: connect Driver Detail all view
2021-07-12 02:56:57 - info: got Item detail all view results set now !
2021-07-12 02:56:57 - info: Get Item Detail is Special Discount
2021-07-12 02:56:57 - info: connect Driver Detail all view
2021-07-12 02:56:57 - info: got Item detail all view results set now !
2021-07-12 02:57:25 - info: Get Item Detail is Special Discount
2021-07-12 02:57:25 - info: connect Driver Detail all view
2021-07-12 02:57:25 - info: got Item detail all view results set now !
2021-07-12 02:57:25 - info: Get Item Detail is Special Discount
2021-07-12 02:57:25 - info: connect Driver Detail all view
2021-07-12 02:57:25 - info: got Item detail all view results set now !
2021-07-12 02:57:25 - info: Get Item Detail is Special Discount
2021-07-12 02:57:25 - info: connect Driver Detail all view
2021-07-12 02:57:25 - info: got Item detail all view results set now !
2021-07-12 02:58:01 - info: Get Item Detail is Special Discount
2021-07-12 02:58:01 - info: connect Driver Detail all view
2021-07-12 02:58:01 - info: got Item detail all view results set now !
2021-07-12 02:58:01 - info: Get Item Detail is Special Discount
2021-07-12 02:58:01 - info: connect Driver Detail all view
2021-07-12 02:58:01 - info: Get Item Detail is Special Discount
2021-07-12 02:58:01 - info: got Item detail all view results set now !
2021-07-12 02:58:01 - info: connect Driver Detail all view
2021-07-12 02:58:01 - info: got Item detail all view results set now !
2021-07-12 02:59:17 - info: Get Item Detail is Special Discount
2021-07-12 02:59:17 - info: connect Driver Detail all view
2021-07-12 02:59:17 - info: got Item detail all view results set now !
2021-07-12 02:59:17 - info: Get Item Detail is Special Discount
2021-07-12 02:59:17 - info: connect Driver Detail all view
2021-07-12 02:59:17 - info: got Item detail all view results set now !
2021-07-12 02:59:17 - info: Get Item Detail is Special Discount
2021-07-12 02:59:17 - info: connect Driver Detail all view
2021-07-12 02:59:17 - info: got Item detail all view results set now !
2021-07-12 02:59:29 - error: Inside 'resource not found' handler , Req resource: http://localhost:5102/item/get-offers-all
